{
  "RSpec": {
    "coverage": {
      "/Users/nickpisciotta/turing/module4/Projects/idea_box/spec/features/add_new_idea_spec.rb": [
        1,
        null,
        1,
        1,
        null,
        1,
        null,
        1,
        1,
        1,
        null,
        1,
        1,
        1,
        null,
        null,
        1,
        null,
        null
      ],
      "/Users/nickpisciotta/turing/module4/Projects/idea_box/spec/rails_helper.rb": [
        null,
        1,
        1,
        null,
        1,
        1,
        1,
        1,
        1,
        null,
        null,
        null,
        null,
        null,
        null,
        null,
        null,
        null,
        null,
        null,
        null,
        null,
        null,
        null,
        null,
        null,
        null,
        null,
        1,
        null,
        null,
        null,
        1,
        1,
        1,
        1,
        null,
        null,
        null,
        1,
        4,
        null,
        null,
        null,
        1,
        1,
        0,
        0,
        0,
        0,
        0,
        null,
        null,
        null,
        null,
        1,
        null,
        1,
        null,
        null,
        null,
        null,
        1,
        1,
        1,
        null,
        null,
        1,
        11,
        null,
        null,
        1,
        4,
        null,
        null,
        1,
        11,
        null,
        null,
        1,
        11,
        null,
        null,
        null,
        null,
        null,
        null,
        null,
        null,
        null,
        null,
        null,
        null,
        null,
        null,
        null,
        1,
        null,
        null,
        1,
        null,
        null,
        null
      ],
      "/Users/nickpisciotta/turing/module4/Projects/idea_box/config/environment.rb": [
        null,
        1,
        null,
        null,
        1
      ],
      "/Users/nickpisciotta/turing/module4/Projects/idea_box/config/application.rb": [
        1,
        null,
        1,
        null,
        null,
        null,
        1,
        null,
        1,
        1,
        null,
        null,
        null,
        null,
        null
      ],
      "/Users/nickpisciotta/turing/module4/Projects/idea_box/config/boot.rb": [
        1,
        null,
        1
      ],
      "/Users/nickpisciotta/turing/module4/Projects/idea_box/config/environments/test.rb": [
        1,
        null,
        null,
        null,
        null,
        null,
        null,
        1,
        null,
        null,
        null,
        null,
        1,
        null,
        null,
        1,
        1,
        null,
        null,
        null,
        null,
        1,
        1,
        null,
        null,
        1,
        null,
        null,
        1,
        1,
        null,
        null,
        null,
        null,
        1,
        null,
        null,
        1,
        null,
        null,
        null,
        null
      ],
      "/Users/nickpisciotta/turing/module4/Projects/idea_box/config/initializers/application_controller_renderer.rb": [
        null,
        null,
        null,
        null,
        null,
        null
      ],
      "/Users/nickpisciotta/turing/module4/Projects/idea_box/config/initializers/assets.rb": [
        null,
        null,
        null,
        1,
        null,
        null,
        null,
        null,
        null,
        null,
        null
      ],
      "/Users/nickpisciotta/turing/module4/Projects/idea_box/config/initializers/backtrace_silencers.rb": [
        null,
        null,
        null,
        null,
        null,
        null,
        null
      ],
      "/Users/nickpisciotta/turing/module4/Projects/idea_box/config/initializers/cookies_serializer.rb": [
        null,
        null,
        null,
        null,
        1
      ],
      "/Users/nickpisciotta/turing/module4/Projects/idea_box/config/initializers/filter_parameter_logging.rb": [
        null,
        null,
        null,
        1
      ],
      "/Users/nickpisciotta/turing/module4/Projects/idea_box/config/initializers/inflections.rb": [
        null,
        null,
        null,
        null,
        null,
        null,
        null,
        null,
        null,
        null,
        null,
        null,
        null,
        null,
        null,
        null
      ],
      "/Users/nickpisciotta/turing/module4/Projects/idea_box/config/initializers/mime_types.rb": [
        null,
        null,
        null,
        null
      ],
      "/Users/nickpisciotta/turing/module4/Projects/idea_box/config/initializers/new_framework_defaults.rb": [
        null,
        null,
        null,
        null,
        null,
        null,
        null,
        1,
        null,
        null,
        1,
        null,
        null,
        null,
        1,
        null,
        null,
        1,
        null,
        null,
        1,
        null,
        null,
        1
      ],
      "/Users/nickpisciotta/turing/module4/Projects/idea_box/config/initializers/session_store.rb": [
        null,
        null,
        1
      ],
      "/Users/nickpisciotta/turing/module4/Projects/idea_box/config/initializers/wrap_parameters.rb": [
        null,
        null,
        null,
        null,
        null,
        null,
        1,
        2,
        null,
        null,
        null,
        null,
        null,
        null
      ],
      "/Users/nickpisciotta/turing/module4/Projects/idea_box/spec/teaspoon_env.rb": [
        1,
        null,
        null,
        1,
        null,
        null,
        null,
        null,
        1,
        null,
        null,
        null,
        1,
        null,
        null,
        null,
        1,
        null,
        null,
        null,
        null,
        null,
        null,
        null,
        null,
        null,
        null,
        null,
        null,
        1,
        null,
        null,
        null,
        null,
        null,
        null,
        1,
        null,
        null,
        null,
        1,
        null,
        null,
        null,
        null,
        null,
        null,
        null,
        null,
        null,
        null,
        1,
        null,
        null,
        null,
        null,
        null,
        1,
        null,
        null,
        1,
        null,
        null,
        null,
        null,
        null,
        null,
        null,
        null,
        null,
        null,
        null,
        null,
        null,
        null,
        null,
        null,
        null,
        null,
        null,
        null,
        null,
        null,
        null,
        null,
        null,
        null,
        null,
        null,
        null,
        null,
        null,
        null,
        null,
        null,
        null,
        null,
        null,
        null,
        null,
        null,
        null,
        null,
        null,
        null,
        null,
        null,
        null,
        null,
        null,
        null,
        null,
        null,
        null,
        null,
        null,
        null,
        null,
        null,
        null,
        null,
        null,
        null,
        null,
        null,
        null,
        null,
        null,
        null,
        null,
        null,
        null,
        null,
        null,
        null,
        null,
        null,
        null,
        null,
        null,
        null,
        null,
        null,
        null,
        null,
        null,
        null,
        null,
        null,
        null,
        null,
        null,
        null,
        null,
        null,
        null,
        null,
        null,
        null,
        null,
        null,
        null,
        null,
        null,
        1,
        null,
        null,
        null,
        null,
        null,
        null,
        null,
        null,
        null,
        null,
        null,
        null,
        null,
        null,
        null,
        null,
        null,
        null,
        null,
        null,
        null
      ],
      "/Users/nickpisciotta/turing/module4/Projects/idea_box/config/routes.rb": [
        1,
        null,
        1,
        null,
        1,
        null,
        null,
        null
      ],
      "/Users/nickpisciotta/turing/module4/Projects/idea_box/app/helpers/application_helper.rb": [
        1,
        null
      ],
      "/Users/nickpisciotta/turing/module4/Projects/idea_box/spec/features/delete_idea_spec.rb": [
        1,
        null,
        1,
        1,
        1,
        null,
        1,
        1,
        1,
        null,
        1,
        null,
        1,
        null,
        1,
        1,
        null,
        null
      ],
      "/Users/nickpisciotta/turing/module4/Projects/idea_box/spec/features/downvote_spec.rb": [
        1,
        null,
        1,
        1,
        1,
        null,
        1,
        1,
        1,
        null,
        1,
        1,
        null,
        1,
        1,
        null,
        null,
        null
      ],
      "/Users/nickpisciotta/turing/module4/Projects/idea_box/spec/features/upvote_spec.rb": [
        1,
        null,
        1,
        1,
        1,
        null,
        1,
        1,
        1,
        null,
        1,
        1,
        null,
        null,
        1,
        null,
        1,
        1,
        null,
        null,
        null
      ],
      "/Users/nickpisciotta/turing/module4/Projects/idea_box/spec/models/idea_spec.rb": [
        1,
        null,
        1,
        2,
        2,
        null,
        1,
        1,
        null,
        1,
        null,
        null,
        null
      ],
      "/Users/nickpisciotta/turing/module4/Projects/idea_box/app/models/idea.rb": [
        1,
        1,
        null,
        1,
        1,
        null,
        null
      ],
      "/Users/nickpisciotta/turing/module4/Projects/idea_box/spec/requests/ideas_request_spec.rb": [
        1,
        null,
        1,
        1,
        1,
        null,
        1,
        null,
        null,
        null,
        1,
        1,
        null,
        1,
        null,
        1,
        1,
        1,
        null,
        null,
        1,
        1,
        null,
        1,
        null,
        null,
        1,
        null,
        1,
        null,
        1,
        1,
        1,
        null,
        null,
        null,
        1,
        1,
        null,
        1,
        null,
        1,
        null,
        1,
        null,
        null,
        1,
        1,
        null,
        1,
        null,
        1,
        null,
        1,
        null,
        1,
        1,
        1,
        1,
        null,
        null
      ],
      "/Users/nickpisciotta/turing/module4/Projects/idea_box/app/controllers/home_controller.rb": [
        1,
        null,
        null
      ],
      "/Users/nickpisciotta/turing/module4/Projects/idea_box/app/controllers/application_controller.rb": [
        1,
        1,
        null
      ],
      "/Users/nickpisciotta/turing/module4/Projects/idea_box/app/controllers/ideas_controller.rb": [
        1,
        1,
        null,
        1,
        5,
        5,
        5,
        null,
        null,
        null,
        1,
        2,
        2,
        2,
        null,
        null,
        1,
        5,
        5,
        null,
        null,
        1,
        4,
        4,
        4,
        null,
        0,
        null,
        null,
        null,
        1,
        1,
        9,
        9,
        null,
        null
      ]
    },
    "timestamp": 1471551453
  }
}
